<?xml version="1.0" encoding="UTF-8"?>
<!-- Generated by org.testng.reporters.JUnitReportReporter -->
<testsuite skipped="0" hostname="1x-193-157-214-248.uio.no" name="testautomation.assignmentIN3240.Task2Customer" tests="4" failures="0" timestamp="22 Mar 2019 16:41:20 GMT" time="12.010" errors="0">
  <testcase name="login" time="3.467" classname="testautomation.assignmentIN3240.Task2Customer"/>
  <testcase name="create" time="2.577" classname="testautomation.assignmentIN3240.Task2Customer"/>
  <testcase name="update" time="3.044" classname="testautomation.assignmentIN3240.Task2Customer"/>
  <testcase name="delete" time="2.922" classname="testautomation.assignmentIN3240.Task2Customer"/>
</testsuite> <!-- testautomation.assignmentIN3240.Task2Customer -->
