<?xml version="1.0" encoding="UTF-8"?>
<!-- Generated by org.testng.reporters.JUnitReportReporter -->
<testsuite skipped="0" hostname="1x-193-157-214-248.uio.no" name="testautomation.assignmentIN3240.Task1User" tests="1" failures="0" timestamp="22 Mar 2019 16:41:53 GMT" time="3.496" errors="0">
  <testcase name="createNewUser" time="3.496" classname="testautomation.assignmentIN3240.Task1User"/>
</testsuite> <!-- testautomation.assignmentIN3240.Task1User -->
